10-Mar-2014 15:56:01 -  ALL_POST = Array
(
)

10-Mar-2014 15:56:01 -  ALL_GET = Array
(
)

10-Mar-2014 15:56:01 =========================== 
10-Mar-2014 15:56:02 -  ALL_POST = Array
(
)

10-Mar-2014 15:56:02 -  ALL_GET = Array
(
)

10-Mar-2014 15:56:02 =========================== 
11-Mar-2014 8:34:30 -  ALL_POST = Array
(
)

11-Mar-2014 8:34:30 -  ALL_GET = Array
(
)

11-Mar-2014 8:34:30 =========================== 
11-Mar-2014 8:34:32 -  ALL_POST = Array
(
)

11-Mar-2014 8:34:32 -  ALL_GET = Array
(
)

11-Mar-2014 8:34:32 =========================== 
11-Mar-2014 8:37:52 -  ALL_POST = Array
(
)

11-Mar-2014 8:37:52 -  ALL_GET = Array
(
    [type] => 1
    [dr-­msg] => id:144b12606700000103a7893801962d00+sub:001+dlvrd:001+submit+date:1403111337+done+date:1403111337+stat:DELIVRD+err:000+text:++++++++++++++++++++
)

11-Mar-2014 8:37:52 =========================== 
11-Mar-2014 8:41:36 -  ALL_POST = Array
(
)

11-Mar-2014 8:41:36 -  ALL_GET = Array
(
    [type] => 1
    [dr-­msg] => id:144b129861c0000103a7893801980d52+sub:001+dlvrd:001+submit+date:1403111341+done+date:1403111341+stat:DELIVRD+err:000+text:++++++++++++++++++++
)

11-Mar-2014 8:41:36 =========================== 
11-Mar-2014 8:42:27 -  ALL_POST = Array
(
)

11-Mar-2014 8:42:27 -  ALL_GET = Array
(
    [type] => 1
    [dr-­msg] => id:144b12a4ead0000103a7893801987166+sub:001+dlvrd:001+submit+date:1403111342+done+date:1403111342+stat:DELIVRD+err:000+text:++++++++++++++++++++
)

11-Mar-2014 8:42:27 =========================== 
11-Mar-2014 8:43:12 -  ALL_POST = Array
(
)

11-Mar-2014 8:43:12 -  ALL_GET = Array
(
    [type] => 1
    [dr-­msg] => id:144b12af5e20000103a789380198c382+sub:001+dlvrd:001+submit+date:1403111343+done+date:1403111343+stat:DELIVRD+err:000+text:++++++++++++++++++++
)

11-Mar-2014 8:43:12 =========================== 
11-Mar-2014 8:44:08 -  ALL_POST = Array
(
)

11-Mar-2014 8:44:08 -  ALL_GET = Array
(
    [type] => 1
    [dr-­msg] => id:144b12bd5fc0000103a7893801992ab1+sub:001+dlvrd:001+submit+date:1403111344+done+date:1403111344+stat:DELIVRD+err:000+text:++++++++++++++++++++
)

11-Mar-2014 8:44:08 =========================== 
11-Mar-2014 8:51:36 -  ALL_POST = Array
(
)

11-Mar-2014 8:51:36 -  ALL_GET = Array
(
    [type] => 1
    [dr-­msg] => id:144b12d5d710000103a789380199e698+sub:001+dlvrd:001+submit+date:1403111345+done+date:1403111351+stat:DELIVRD+err:000+text:++++++++++++++++++++
)

11-Mar-2014 8:51:36 =========================== 
11-Mar-2014 8:52:05 -  ALL_POST = Array
(
)

11-Mar-2014 8:52:05 -  ALL_GET = Array
(
    [type] => 1
    [dr-­msg] => id:144b12df9440000103a78938019a3650+sub:001+dlvrd:001+submit+date:1403111346+done+date:1403111352+stat:DELIVRD+err:000+text:++++++++++++++++++++
)

11-Mar-2014 8:52:05 =========================== 
11-Mar-2014 8:52:20 -  ALL_POST = Array
(
)

11-Mar-2014 8:52:20 -  ALL_GET = Array
(
    [type] => 1
    [dr-­msg] => id:144b12e37160000103a78938019a53d1+sub:001+dlvrd:001+submit+date:1403111346+done+date:1403111352+stat:DELIVRD+err:000+text:++++++++++++++++++++
)

11-Mar-2014 8:52:20 =========================== 
11-Mar-2014 8:52:25 -  ALL_POST = Array
(
)

11-Mar-2014 8:52:25 -  ALL_GET = Array
(
    [type] => 1
    [dr-­msg] => id:144b12eb4c00000103a78938019a96d7+sub:001+dlvrd:001+submit+date:1403111347+done+date:1403111352+stat:DELIVRD+err:000+text:++++++++++++++++++++
)

11-Mar-2014 8:52:25 =========================== 
10-Apr-2014 10:21:36 -  ALL_POST = Array
(
)

10-Apr-2014 10:21:36 -  ALL_GET = Array
(
)

10-Apr-2014 10:21:36 =========================== 
10-Apr-2014 10:21:37 -  ALL_POST = Array
(
)

10-Apr-2014 10:21:37 -  ALL_GET = Array
(
)

10-Apr-2014 10:21:37 =========================== 
10-Apr-2014 10:23:32 -  ALL_POST = Array
(
)

10-Apr-2014 10:23:32 -  ALL_GET = Array
(
)

10-Apr-2014 10:23:32 =========================== 
10-Apr-2014 10:23:34 -  ALL_POST = Array
(
)

10-Apr-2014 10:23:34 -  ALL_GET = Array
(
)

10-Apr-2014 10:23:34 =========================== 
10-Apr-2014 10:25:12 -  ALL_POST = Array
(
)

10-Apr-2014 10:25:12 -  ALL_GET = Array
(
)

10-Apr-2014 10:25:12 =========================== 
10-Apr-2014 10:25:13 -  ALL_POST = Array
(
)

10-Apr-2014 10:25:13 -  ALL_GET = Array
(
)

10-Apr-2014 10:25:13 =========================== 
10-Apr-2014 10:26:32 -  ALL_POST = Array
(
)

10-Apr-2014 10:26:32 -  ALL_GET = Array
(
    [msisdn] => 380674878717
    [to] => 18594122410
    [messageId] => 020000002964C80A
    [text] => Test
    [type] => text
    [message-timestamp] => 2014-04-10 13:50:50
)

10-Apr-2014 10:26:32 =========================== 
10-Apr-2014 10:26:34 -  ALL_POST = Array
(
)

10-Apr-2014 10:26:34 -  ALL_GET = Array
(
    [msisdn] => 380674878717
    [to] => 18594122410
    [messageId] => 020000002964C80A
    [text] => Test
    [type] => text
    [message-timestamp] => 2014-04-10 13:50:50
)

10-Apr-2014 10:26:34 =========================== 
10-Apr-2014 10:43:58 -  ALL_POST = Array
(
    [msisdn] => 380674878717
    [to] => 18594122410
    [messageId] => 020000002964C80A
    [text] => Test
    [type] => text
    [message-timestamp] => 2014-04-10 13:50:50
)

10-Apr-2014 10:43:58 -  ALL_GET = Array
(
)

10-Apr-2014 10:43:58 =========================== 
10-Apr-2014 10:43:59 -  ALL_POST = Array
(
    [msisdn] => 380674878717
    [to] => 18594122410
    [messageId] => 020000002964C80A
    [text] => Test
    [type] => text
    [message-timestamp] => 2014-04-10 13:50:50
)

10-Apr-2014 10:43:59 -  ALL_GET = Array
(
)

10-Apr-2014 10:43:59 =========================== 
10-Apr-2014 10:44:43 -  ALL_POST = Array
(
)

10-Apr-2014 10:44:43 -  ALL_GET = Array
(
)

10-Apr-2014 10:44:43 =========================== 
10-Apr-2014 10:44:44 -  ALL_POST = Array
(
)

10-Apr-2014 10:44:44 -  ALL_GET = Array
(
)

10-Apr-2014 10:44:44 =========================== 
10-Apr-2014 10:45:27 -  ALL_POST = Array
(
    [msisdn] => 380674878717
    [to] => 18594122410
    [messageId] => 020000002964C80A
    [text] => Test
    [type] => text
    [message-timestamp] => 2014-04-10 13:50:50
)

10-Apr-2014 10:45:27 -  ALL_GET = Array
(
)

10-Apr-2014 10:45:27 =========================== 
10-Apr-2014 10:45:29 -  ALL_POST = Array
(
    [msisdn] => 380674878717
    [to] => 18594122410
    [messageId] => 020000002964C80A
    [text] => Test
    [type] => text
    [message-timestamp] => 2014-04-10 13:50:50
)

10-Apr-2014 10:45:29 -  ALL_GET = Array
(
)

10-Apr-2014 10:45:29 =========================== 
10-Apr-2014 10:52:05 -  ALL_POST = Array
(
)

10-Apr-2014 10:52:05 -  ALL_GET = Array
(
)

10-Apr-2014 10:52:05 =========================== 
10-Apr-2014 10:52:06 -  ALL_POST = Array
(
)

10-Apr-2014 10:52:06 -  ALL_GET = Array
(
)

10-Apr-2014 10:52:06 =========================== 
10-Apr-2014 10:52:07 -  ALL_POST = Array
(
)

10-Apr-2014 10:52:07 -  ALL_GET = Array
(
)

10-Apr-2014 10:52:07 =========================== 
10-Apr-2014 10:52:09 -  ALL_POST = Array
(
)

10-Apr-2014 10:52:09 -  ALL_GET = Array
(
)

10-Apr-2014 10:52:09 =========================== 
10-Apr-2014 10:52:58 -  ALL_POST = Array
(
)

10-Apr-2014 10:52:58 -  ALL_GET = Array
(
    [test] => test2
)

10-Apr-2014 10:52:58 =========================== 
10-Apr-2014 10:52:59 -  ALL_POST = Array
(
)

10-Apr-2014 10:52:59 -  ALL_GET = Array
(
    [test] => test2
)

10-Apr-2014 10:52:59 =========================== 
10-Apr-2014 11:14:15 -  ALL_POST = Array
(
)

10-Apr-2014 11:14:15 -  ALL_GET = Array
(
    [test] => test2
)

10-Apr-2014 11:14:15 =========================== 
10-Apr-2014 11:14:16 -  ALL_POST = Array
(
)

10-Apr-2014 11:14:16 -  ALL_GET = Array
(
    [test] => test2
)

10-Apr-2014 11:14:16 =========================== 
10-Apr-2014 11:14:50 -  ALL_POST = Array
(
)

10-Apr-2014 11:14:50 -  ALL_GET = Array
(
)

10-Apr-2014 11:14:50 =========================== 
10-Apr-2014 11:14:51 -  ALL_POST = Array
(
)

10-Apr-2014 11:14:51 -  ALL_GET = Array
(
)

10-Apr-2014 11:14:51 =========================== 
10-Apr-2014 11:29:46 -  ALL_POST = Array
(
)

10-Apr-2014 11:29:46 -  ALL_GET = Array
(
)

10-Apr-2014 11:29:46 =========================== 
10-Apr-2014 11:29:48 -  ALL_POST = Array
(
)

10-Apr-2014 11:29:48 -  ALL_GET = Array
(
)

10-Apr-2014 11:29:48 =========================== 
10-Apr-2014 11:37:51 -  ALL_POST = Array
(
)

10-Apr-2014 11:37:51 -  ALL_POST = Array
(
)

10-Apr-2014 11:37:51 -  ALL_GET = Array
(
)

10-Apr-2014 11:37:51 =========================== 
10-Apr-2014 11:37:51 -  ALL_GET = Array
(
)

10-Apr-2014 11:37:51 =========================== 
10-Apr-2014 11:37:51 -  ALL_POST = Array
(
)

10-Apr-2014 11:37:51 -  ALL_GET = Array
(
)

10-Apr-2014 11:37:51 =========================== 
10-Apr-2014 11:37:53 -  ALL_POST = Array
(
)

10-Apr-2014 11:37:53 -  ALL_GET = Array
(
)

10-Apr-2014 11:37:53 =========================== 
10-Apr-2014 11:37:53 -  ALL_POST = Array
(
)

10-Apr-2014 11:37:53 -  ALL_GET = Array
(
)

10-Apr-2014 11:37:53 =========================== 
10-Apr-2014 11:54:42 -  ALL_POST = Array
(
)

10-Apr-2014 11:54:42 -  ALL_GET = Array
(
)

10-Apr-2014 11:54:42 =========================== 
10-Apr-2014 11:54:42 -  ALL_POST = Array
(
)

10-Apr-2014 11:54:42 -  ALL_GET = Array
(
)

10-Apr-2014 11:54:42 =========================== 
10-Apr-2014 11:54:42 -  ALL_POST = Array
(
)

10-Apr-2014 11:54:42 -  ALL_GET = Array
(
)

10-Apr-2014 11:54:42 =========================== 
10-Apr-2014 11:54:43 -  ALL_POST = Array
(
)

10-Apr-2014 11:54:43 -  ALL_GET = Array
(
)

10-Apr-2014 11:54:43 =========================== 
10-Apr-2014 11:54:44 -  ALL_POST = Array
(
)

10-Apr-2014 11:54:44 -  ALL_GET = Array
(
)

10-Apr-2014 11:54:44 =========================== 
10-Apr-2014 13:20:47 -  ALL_POST = Array
(
)

10-Apr-2014 13:20:47 -  ALL_POST = Array
(
)

10-Apr-2014 13:20:47 -  ALL_GET = Array
(
)

10-Apr-2014 13:20:47 =========================== 
10-Apr-2014 13:20:47 -  ALL_GET = Array
(
)

10-Apr-2014 13:20:47 =========================== 
10-Apr-2014 13:20:47 -  ALL_POST = Array
(
)

10-Apr-2014 13:20:47 -  ALL_GET = Array
(
)

10-Apr-2014 13:20:47 =========================== 
10-Apr-2014 13:20:48 -  ALL_POST = Array
(
)

10-Apr-2014 13:20:48 -  ALL_GET = Array
(
)

10-Apr-2014 13:20:48 =========================== 
10-Apr-2014 13:20:48 -  ALL_POST = Array
(
)

10-Apr-2014 13:20:48 -  ALL_GET = Array
(
)

10-Apr-2014 13:20:48 =========================== 
11-Apr-2014 2:03:29 -  ALL_POST = Array
(
)

11-Apr-2014 2:03:29 -  ALL_POST = Array
(
)

11-Apr-2014 2:03:29 -  ALL_GET = Array
(
)

11-Apr-2014 2:03:29 -  ALL_GET = Array
(
)

11-Apr-2014 2:03:29 =========================== 
11-Apr-2014 2:03:29 =========================== 
11-Apr-2014 2:03:29 -  ALL_POST = Array
(
)

11-Apr-2014 2:03:29 -  ALL_GET = Array
(
)

11-Apr-2014 2:03:29 =========================== 
11-Apr-2014 2:03:30 -  ALL_POST = Array
(
)

11-Apr-2014 2:03:30 -  ALL_GET = Array
(
)

11-Apr-2014 2:03:30 =========================== 
11-Apr-2014 2:03:30 -  ALL_POST = Array
(
)

11-Apr-2014 2:03:30 -  ALL_GET = Array
(
)

11-Apr-2014 2:03:30 =========================== 
12-Apr-2014 10:36:13 -  ALL_POST = Array
(
)

12-Apr-2014 10:36:13 -  ALL_POST = Array
(
)

12-Apr-2014 10:36:13 -  ALL_POST = Array
(
)

12-Apr-2014 10:36:13 -  ALL_GET = Array
(
)

12-Apr-2014 10:36:13 -  ALL_GET = Array
(
)

12-Apr-2014 10:36:13 -  ALL_GET = Array
(
)

12-Apr-2014 10:36:13 =========================== 
12-Apr-2014 10:36:13 =========================== 
12-Apr-2014 10:36:13 =========================== 
12-Apr-2014 10:36:15 -  ALL_POST = Array
(
)

12-Apr-2014 10:36:15 -  ALL_GET = Array
(
)

12-Apr-2014 10:36:15 =========================== 
12-Apr-2014 10:36:15 -  ALL_POST = Array
(
)

12-Apr-2014 10:36:15 -  ALL_GET = Array
(
)

12-Apr-2014 10:36:15 =========================== 
14-Apr-2014 12:32:14 -  ALL_POST = Array
(
)

14-Apr-2014 12:32:14 -  ALL_GET = Array
(
)

14-Apr-2014 12:32:14 =========================== 
14-Apr-2014 12:32:27 -  ALL_POST = Array
(
)

14-Apr-2014 12:32:27 -  ALL_GET = Array
(
)

14-Apr-2014 12:32:27 =========================== 
14-Apr-2014 12:34:26 -  ALL_POST = Array
(
    [test] => tttt
)

14-Apr-2014 12:34:26 -  ALL_GET = Array
(
)

14-Apr-2014 12:34:26 =========================== 
14-Apr-2014 12:34:28 -  ALL_POST = Array
(
    [test] => tttt
)

14-Apr-2014 12:34:28 -  ALL_GET = Array
(
)

14-Apr-2014 12:34:28 =========================== 
14-Apr-2014 12:42:13 -  ALL_POST = Array
(
)

14-Apr-2014 12:42:13 -  ALL_GET = Array
(
    [test222] => 222
)

14-Apr-2014 12:42:13 =========================== 
14-Apr-2014 12:42:28 -  ALL_POST = Array
(
)

14-Apr-2014 12:42:28 -  ALL_GET = Array
(
    [test222] => 222
)

14-Apr-2014 12:42:28 =========================== 
14-Apr-2014 12:45:14 -  ALL_POST = Array
(
    [test] => tttt2
)

14-Apr-2014 12:45:14 -  ALL_GET = Array
(
)

14-Apr-2014 12:45:14 =========================== 
14-Apr-2014 12:45:16 -  ALL_POST = Array
(
    [test] => tttt2
)

14-Apr-2014 12:45:16 -  ALL_GET = Array
(
)

14-Apr-2014 12:45:16 =========================== 
14-Apr-2014 12:51:24 -  ALL_POST = Array
(
)

14-Apr-2014 12:51:24 -  ALL_GET = Array
(
)

14-Apr-2014 12:51:24 =========================== 
14-Apr-2014 12:51:26 -  ALL_POST = Array
(
)

14-Apr-2014 12:51:26 -  ALL_GET = Array
(
)

14-Apr-2014 12:51:26 =========================== 
14-Apr-2014 14:19:14 -  ALL_POST = Array
(
)

14-Apr-2014 14:19:14 -  ALL_GET = Array
(
)

14-Apr-2014 14:19:14 =========================== 
14-Apr-2014 14:19:16 -  ALL_POST = Array
(
)

14-Apr-2014 14:19:16 -  ALL_GET = Array
(
)

14-Apr-2014 14:19:16 =========================== 
14-Apr-2014 14:30:36 -  ALL_POST = Array
(
)

14-Apr-2014 14:30:36 -  ALL_GET = Array
(
)

14-Apr-2014 14:30:36 =========================== 
14-Apr-2014 14:30:37 -  ALL_POST = Array
(
)

14-Apr-2014 14:30:37 -  ALL_GET = Array
(
)

14-Apr-2014 14:30:37 =========================== 
14-Apr-2014 14:55:28 -  ALL_POST = Array
(
)

14-Apr-2014 14:55:28 -  ALL_GET = Array
(
)

14-Apr-2014 14:55:28 =========================== 
14-Apr-2014 14:55:29 -  ALL_POST = Array
(
)

14-Apr-2014 14:55:29 -  ALL_GET = Array
(
)

14-Apr-2014 14:55:29 =========================== 
15-Apr-2014 4:53:51 -  ALL_POST = Array
(
)

15-Apr-2014 4:53:51 -  ALL_GET = Array
(
    [msisdn] => 380674878717
    [to] => 18594122410
    [messageId] => 020000002964C80A
    [text] => Test
    [type] => text
    [message-timestamp] => 2014-04-10 13:50:50
)

15-Apr-2014 4:53:51 =========================== 
15-Apr-2014 4:53:56 -  ALL_POST = Array
(
)

15-Apr-2014 4:53:56 -  ALL_GET = Array
(
    [msisdn] => 380674878717
    [to] => 18594122410
    [messageId] => 020000002964C80A
    [text] => Test
    [type] => text
    [message-timestamp] => 2014-04-10 13:50:50
)

15-Apr-2014 4:53:56 =========================== 
13-Jun-2014 10:06:11 -  ALL_POST = Array
(
    [from] => +15868725241
    [to] => 12048171841
    [text] => Test
)

13-Jun-2014 10:06:11 -  ALL_GET = Array
(
)

13-Jun-2014 10:06:11 =========================== 
13-Jun-2014 10:08:09 -  ALL_POST = Array
(
)

13-Jun-2014 10:08:09 -  ALL_GET = Array
(
)

13-Jun-2014 10:08:09 =========================== 
13-Jun-2014 10:08:09 -  ALL_POST = Array
(
)

13-Jun-2014 10:08:09 -  ALL_GET = Array
(
)

13-Jun-2014 10:08:09 =========================== 
13-Jun-2014 10:11:43 -  ALL_POST = Array
(
    [from] => +15868725241
    [to] => 12048171841
    [text] => Test
)

13-Jun-2014 10:11:43 -  ALL_GET = Array
(
)

13-Jun-2014 10:11:43 =========================== 
13-Jun-2014 10:11:51 -  ALL_POST = Array
(
    [from] => +15868725241
    [to] => 12048171841
    [text] => Test
)

13-Jun-2014 10:11:51 -  ALL_GET = Array
(
)

13-Jun-2014 10:11:51 =========================== 
13-Jun-2014 10:12:26 -  ALL_POST = Array
(
    [from] => +15868725241
    [to] => 12048171841
    [text] => Test
)

13-Jun-2014 10:12:26 -  ALL_GET = Array
(
)

13-Jun-2014 10:12:26 =========================== 
13-Jun-2014 10:21:02 -  ALL_POST = Array
(
    [from] => +15868725241
    [to] => 12048171841
    [text] => Test multitel
)

13-Jun-2014 10:21:02 -  ALL_GET = Array
(
)

13-Jun-2014 10:21:02 =========================== 
13-Jun-2014 10:23:20 -  ALL_POST = Array
(
)

13-Jun-2014 10:23:20 -  ALL_GET = Array
(
    [tes44] => 4444
)

13-Jun-2014 10:23:20 =========================== 
13-Jun-2014 10:23:21 -  ALL_POST = Array
(
)

13-Jun-2014 10:23:21 -  ALL_GET = Array
(
    [tes44] => 4444
)

13-Jun-2014 10:23:21 =========================== 
13-Jun-2014 10:26:07 -  ALL_POST = Array
(
)

13-Jun-2014 10:26:07 -  ALL_GET = Array
(
)

13-Jun-2014 10:26:07 =========================== 
13-Jun-2014 10:28:07 -  ALL_POST = Array
(
)

13-Jun-2014 10:28:07 -  ALL_GET = Array
(
)

13-Jun-2014 10:28:07 =========================== 
13-Jun-2014 10:28:21 -  ALL_POST = Array
(
)

13-Jun-2014 10:28:21 -  ALL_GET = Array
(
)

13-Jun-2014 10:28:21 =========================== 
13-Jun-2014 10:29:17 -  ALL_POST = Array
(
)

13-Jun-2014 10:29:17 -  ALL_GET = Array
(
)

13-Jun-2014 10:29:17 =========================== 
13-Jun-2014 10:30:55 -  ALL_POST = Array
(
)

13-Jun-2014 10:30:55 -  ALL_GET = Array
(
)

13-Jun-2014 10:30:55 =========================== 
13-Jun-2014 10:31:43 -  ALL_POST = Array
(
)

13-Jun-2014 10:31:43 -  ALL_GET = Array
(
)

13-Jun-2014 10:31:43 =========================== 
13-Jun-2014 10:32:20 -  ALL_POST = Array
(
)

13-Jun-2014 10:32:20 -  ALL_GET = Array
(
)

13-Jun-2014 10:32:20 =========================== 
13-Jun-2014 10:32:55 -  ALL_POST = Array
(
)

13-Jun-2014 10:32:55 -  ALL_GET = Array
(
)

13-Jun-2014 10:32:55 =========================== 
13-Jun-2014 10:33:31 -  ALL_POST = Array
(
    [from] => +15868725241
    [to] => 12048171841
    [text] => Test multitel Dima1
    [sSubmit] => test
    [sDone] => test
)

13-Jun-2014 10:33:31 -  ALL_GET = Array
(
)

13-Jun-2014 10:33:31 =========================== 
13-Jun-2014 10:34:58 -  ALL_POST = Array
(
)

13-Jun-2014 10:34:58 -  ALL_GET = Array
(
)

13-Jun-2014 10:34:58 =========================== 
13-Jun-2014 10:35:32 -  ALL_POST = Array
(
)

13-Jun-2014 10:35:32 -  ALL_GET = Array
(
)

13-Jun-2014 10:35:32 =========================== 
13-Jun-2014 10:36:21 -  ALL_POST = Array
(
    [from] => 123456789
    [to] => 987654321
    [text] => test Dima2
)

13-Jun-2014 10:36:21 -  ALL_GET = Array
(
)

13-Jun-2014 10:36:21 =========================== 
13-Jun-2014 10:38:21 -  ALL_POST = Array
(
)

13-Jun-2014 10:38:21 -  ALL_GET = Array
(
)

13-Jun-2014 10:38:21 =========================== 
13-Jun-2014 10:43:26 -  ALL_POST = Array
(
    [from] => +15868725241
    [to] => 12048171841
    [text] => 
    [MediaUrl] => Array
        (
            [0] => 
        )

)

13-Jun-2014 10:43:26 -  ALL_GET = Array
(
)

13-Jun-2014 10:43:26 =========================== 
13-Jun-2014 10:52:05 -  ALL_POST = Array
(
    [from] => +15868725241
    [to] => 12048171841
    [text] => 
)

13-Jun-2014 10:52:05 -  ALL_GET = Array
(
)

13-Jun-2014 10:52:05 =========================== 
13-Jun-2014 10:54:45 -  ALL_POST = Array
(
    [from] => +15868725241
    [to] => 12048171841
    [text] => 
)

13-Jun-2014 10:54:45 -  ALL_GET = Array
(
)

13-Jun-2014 10:54:45 =========================== 
13-Jun-2014 10:57:00 -  ALL_POST = Array
(
    [from] => +15868725241
    [to] => 12048171841
    [text] => 
)

13-Jun-2014 10:57:00 -  ALL_GET = Array
(
)

13-Jun-2014 10:57:00 =========================== 
13-Jun-2014 11:00:51 -  ALL_POST = Array
(
    [from] => +15868725241
    [to] => 12048171841
    [text] => Test
    [MediaUrl] => Array
        (
            [0] => http://api.multitel.net:81/mmsmedia/12048171841/33
        )

)

13-Jun-2014 11:00:51 -  ALL_GET = Array
(
)

13-Jun-2014 11:00:51 =========================== 
13-Jun-2014 19:00:13 -  ALL_POST = Array
(
)

13-Jun-2014 19:00:13 -  ALL_GET = Array
(
)

13-Jun-2014 19:00:13 =========================== 
